[2026-04-22 16:01:33] [INFO] Starting knowledge check cycle
[2026-04-22 16:01:33] [INFO] Change detected in godot_engine, updating...
[2026-04-22 16:01:33] [INFO] ✓ Updated godot_engine
[2026-04-22 16:01:33] [INFO] Change detected in cpp_basics, updating...
[2026-04-22 16:01:33] [INFO] ✓ Updated cpp_basics
[2026-04-22 16:01:33] [INFO] Change detected in unreal_engine, updating...
[2026-04-22 16:01:33] [INFO] ✓ Updated unreal_engine
[2026-04-22 16:01:33] [INFO] Change detected in unity_engine, updating...
[2026-04-22 16:01:33] [INFO] ✓ Updated unity_engine
[2026-04-22 16:01:33] [INFO] Change detected in javascript_basics, updating...
[2026-04-22 16:01:33] [INFO] ✓ Updated javascript_basics
[2026-04-22 16:01:33] [INFO] Change detected in design_patterns, updating...
[2026-04-22 16:01:33] [INFO] ✓ Updated design_patterns
[2026-04-22 16:01:33] [INFO] Change detected in general_facts, updating...
[2026-04-22 16:01:33] [INFO] ✓ Updated general_facts
[2026-04-22 16:01:33] [WARNING] Failed to trigger re-index: 'Librarian' object has no attribute '_index_knowledge_base'
[2026-04-22 16:01:33] [INFO] Cycle complete: 7 checked, 7 updated
[2026-04-22 16:02:30] [INFO] Starting knowledge check cycle
[2026-04-22 16:02:30] [INFO] ⏭️  godot_engine unchanged
[2026-04-22 16:02:30] [INFO] ⏭️  cpp_basics unchanged
[2026-04-22 16:02:30] [INFO] ⏭️  unreal_engine unchanged
[2026-04-22 16:02:30] [INFO] ⏭️  unity_engine unchanged
[2026-04-22 16:02:30] [INFO] ⏭️  javascript_basics unchanged
[2026-04-22 16:02:30] [INFO] ⏭️  design_patterns unchanged
[2026-04-22 16:02:30] [INFO] ⏭️  general_facts unchanged
[2026-04-22 16:02:30] [INFO] Cycle complete: 7 checked, no changes
[2026-04-22 16:02:38] [INFO] Starting knowledge check cycle
[2026-04-22 16:02:38] [INFO] ⏭️  godot_engine unchanged
[2026-04-22 16:02:38] [INFO] ⏭️  cpp_basics unchanged
[2026-04-22 16:02:38] [INFO] ⏭️  unreal_engine unchanged
[2026-04-22 16:02:38] [INFO] ⏭️  unity_engine unchanged
[2026-04-22 16:02:38] [INFO] ⏭️  javascript_basics unchanged
[2026-04-22 16:02:38] [INFO] ⏭️  design_patterns unchanged
[2026-04-22 16:02:38] [INFO] ⏭️  general_facts unchanged
[2026-04-22 16:02:38] [INFO] Cycle complete: 7 checked, no changes
[2026-04-22 16:02:41] [INFO] Starting knowledge check cycle
[2026-04-22 16:02:41] [INFO] Change detected in godot_engine, updating...
[2026-04-22 16:02:41] [INFO] ✓ Updated godot_engine
[2026-04-22 16:02:41] [INFO] Change detected in cpp_basics, updating...
[2026-04-22 16:02:41] [INFO] ✓ Updated cpp_basics
[2026-04-22 16:02:41] [INFO] Change detected in unreal_engine, updating...
[2026-04-22 16:02:41] [INFO] ✓ Updated unreal_engine
[2026-04-22 16:02:41] [INFO] Change detected in unity_engine, updating...
[2026-04-22 16:02:41] [INFO] ✓ Updated unity_engine
[2026-04-22 16:02:41] [INFO] Change detected in javascript_basics, updating...
[2026-04-22 16:02:41] [INFO] ✓ Updated javascript_basics
[2026-04-22 16:02:41] [INFO] Change detected in design_patterns, updating...
[2026-04-22 16:02:41] [INFO] ✓ Updated design_patterns
[2026-04-22 16:02:41] [INFO] Change detected in general_facts, updating...
[2026-04-22 16:02:41] [INFO] ✓ Updated general_facts
[2026-04-22 16:02:41] [INFO] Successfully triggered knowledge base re-index
[2026-04-22 16:02:41] [INFO] Cycle complete: 7 checked, 7 updated
[2026-04-22 16:10:33] [INFO] Starting knowledge check cycle
[2026-04-22 16:10:33] [INFO] ⏭️  godot_engine unchanged
[2026-04-22 16:10:33] [INFO] ⏭️  cpp_basics unchanged
[2026-04-22 16:10:33] [INFO] ⏭️  unreal_engine unchanged
[2026-04-22 16:10:33] [INFO] ⏭️  unity_engine unchanged
[2026-04-22 16:10:33] [INFO] ⏭️  javascript_basics unchanged
[2026-04-22 16:10:33] [INFO] ⏭️  design_patterns unchanged
[2026-04-22 16:10:33] [INFO] ⏭️  general_facts unchanged
[2026-04-22 16:10:33] [INFO] Cycle complete: 7 checked, no changes
